0:0:0:0:0:0:0:1 - - [05/Jul/2021:09:29:50 +0800] "GET /nacos/ HTTP/1.1" 200 2611 288 Mozilla/5.0 (Windows NT 10.0; WOW64) AppleWebKit/537.36 (KHTML, like Gecko) Chrome/89.0.4389.90 Safari/537.36
0:0:0:0:0:0:0:1 - - [05/Jul/2021:09:29:51 +0800] "GET /nacos/console-fe/public/css/codemirror.css HTTP/1.1" 200 8849 32 Mozilla/5.0 (Windows NT 10.0; WOW64) AppleWebKit/537.36 (KHTML, like Gecko) Chrome/89.0.4389.90 Safari/537.36
0:0:0:0:0:0:0:1 - - [05/Jul/2021:09:29:51 +0800] "GET /nacos/console-fe/public/css/bootstrap.css HTTP/1.1" 200 123285 62 Mozilla/5.0 (Windows NT 10.0; WOW64) AppleWebKit/537.36 (KHTML, like Gecko) Chrome/89.0.4389.90 Safari/537.36
0:0:0:0:0:0:0:1 - - [05/Jul/2021:09:29:51 +0800] "GET /nacos/console-fe/public/css/console1412.css HTTP/1.1" 200 156959 40 Mozilla/5.0 (Windows NT 10.0; WOW64) AppleWebKit/537.36 (KHTML, like Gecko) Chrome/89.0.4389.90 Safari/537.36
0:0:0:0:0:0:0:1 - - [05/Jul/2021:09:29:51 +0800] "GET /nacos/console-fe/public/css/merge.css HTTP/1.1" 200 3857 14 Mozilla/5.0 (Windows NT 10.0; WOW64) AppleWebKit/537.36 (KHTML, like Gecko) Chrome/89.0.4389.90 Safari/537.36
0:0:0:0:0:0:0:1 - - [05/Jul/2021:09:29:51 +0800] "GET /nacos/console-fe/public/css/icon.css HTTP/1.1" 200 5166 11 Mozilla/5.0 (Windows NT 10.0; WOW64) AppleWebKit/537.36 (KHTML, like Gecko) Chrome/89.0.4389.90 Safari/537.36
0:0:0:0:0:0:0:1 - - [05/Jul/2021:09:29:51 +0800] "GET /nacos/console-fe/public/css/font-awesome.css HTTP/1.1" 200 33841 10 Mozilla/5.0 (Windows NT 10.0; WOW64) AppleWebKit/537.36 (KHTML, like Gecko) Chrome/89.0.4389.90 Safari/537.36
0:0:0:0:0:0:0:1 - - [05/Jul/2021:09:29:51 +0800] "GET /nacos/css/main.css HTTP/1.1" 200 376874 29 Mozilla/5.0 (Windows NT 10.0; WOW64) AppleWebKit/537.36 (KHTML, like Gecko) Chrome/89.0.4389.90 Safari/537.36
0:0:0:0:0:0:0:1 - - [05/Jul/2021:09:29:51 +0800] "GET /nacos/console-fe/public/js/jquery.js HTTP/1.1" 200 86658 25 Mozilla/5.0 (Windows NT 10.0; WOW64) AppleWebKit/537.36 (KHTML, like Gecko) Chrome/89.0.4389.90 Safari/537.36
0:0:0:0:0:0:0:1 - - [05/Jul/2021:09:29:51 +0800] "GET /nacos/console-fe/public/js/javascript.js HTTP/1.1" 200 32200 20 Mozilla/5.0 (Windows NT 10.0; WOW64) AppleWebKit/537.36 (KHTML, like Gecko) Chrome/89.0.4389.90 Safari/537.36
0:0:0:0:0:0:0:1 - - [05/Jul/2021:09:29:51 +0800] "GET /nacos/console-fe/public/js/codemirror.js HTTP/1.1" 200 366237 51 Mozilla/5.0 (Windows NT 10.0; WOW64) AppleWebKit/537.36 (KHTML, like Gecko) Chrome/89.0.4389.90 Safari/537.36
0:0:0:0:0:0:0:1 - - [05/Jul/2021:09:29:51 +0800] "GET /nacos/console-fe/public/js/xml.js HTTP/1.1" 200 13050 9 Mozilla/5.0 (Windows NT 10.0; WOW64) AppleWebKit/537.36 (KHTML, like Gecko) Chrome/89.0.4389.90 Safari/537.36
0:0:0:0:0:0:0:1 - - [05/Jul/2021:09:29:51 +0800] "GET /nacos/console-fe/public/js/codemirror.addone.fullscreen.js HTTP/1.1" 200 1973 11 Mozilla/5.0 (Windows NT 10.0; WOW64) AppleWebKit/537.36 (KHTML, like Gecko) Chrome/89.0.4389.90 Safari/537.36
0:0:0:0:0:0:0:1 - - [05/Jul/2021:09:29:51 +0800] "GET /nacos/console-fe/public/js/codemirror.addone.lint.js HTTP/1.1" 200 8511 11 Mozilla/5.0 (Windows NT 10.0; WOW64) AppleWebKit/537.36 (KHTML, like Gecko) Chrome/89.0.4389.90 Safari/537.36
0:0:0:0:0:0:0:1 - - [05/Jul/2021:09:29:51 +0800] "GET /nacos/console-fe/public/js/codemirror.addone.json-lint.js HTTP/1.1" 200 1433 14 Mozilla/5.0 (Windows NT 10.0; WOW64) AppleWebKit/537.36 (KHTML, like Gecko) Chrome/89.0.4389.90 Safari/537.36
0:0:0:0:0:0:0:1 - - [05/Jul/2021:09:29:51 +0800] "GET /nacos/console-fe/public/js/codemirror.lib.json-lint.js HTTP/1.1" 200 16797 20 Mozilla/5.0 (Windows NT 10.0; WOW64) AppleWebKit/537.36 (KHTML, like Gecko) Chrome/89.0.4389.90 Safari/537.36
0:0:0:0:0:0:0:1 - - [05/Jul/2021:09:29:51 +0800] "GET /nacos/console-fe/public/js/codemirror.lib.clike-lint.js HTTP/1.1" 200 31521 9 Mozilla/5.0 (Windows NT 10.0; WOW64) AppleWebKit/537.36 (KHTML, like Gecko) Chrome/89.0.4389.90 Safari/537.36
0:0:0:0:0:0:0:1 - - [05/Jul/2021:09:29:51 +0800] "GET /nacos/console-fe/public/js/diff_match_patch.js HTTP/1.1" 200 19192 12 Mozilla/5.0 (Windows NT 10.0; WOW64) AppleWebKit/537.36 (KHTML, like Gecko) Chrome/89.0.4389.90 Safari/537.36
0:0:0:0:0:0:0:1 - - [05/Jul/2021:09:29:51 +0800] "GET /nacos/console-fe/public/js/merge.js HTTP/1.1" 200 37874 16 Mozilla/5.0 (Windows NT 10.0; WOW64) AppleWebKit/537.36 (KHTML, like Gecko) Chrome/89.0.4389.90 Safari/537.36
0:0:0:0:0:0:0:1 - - [05/Jul/2021:09:29:51 +0800] "GET /nacos/console-fe/public/js/loader.js HTTP/1.1" 200 28899 11 Mozilla/5.0 (Windows NT 10.0; WOW64) AppleWebKit/537.36 (KHTML, like Gecko) Chrome/89.0.4389.90 Safari/537.36
0:0:0:0:0:0:0:1 - - [05/Jul/2021:09:29:51 +0800] "GET /nacos/js/main.js HTTP/1.1" 200 1413779 91 Mozilla/5.0 (Windows NT 10.0; WOW64) AppleWebKit/537.36 (KHTML, like Gecko) Chrome/89.0.4389.90 Safari/537.36
0:0:0:0:0:0:0:1 - - [05/Jul/2021:09:29:51 +0800] "GET /nacos/console-fe/public/js/vs/editor/editor.main.js HTTP/1.1" 200 1824086 95 Mozilla/5.0 (Windows NT 10.0; WOW64) AppleWebKit/537.36 (KHTML, like Gecko) Chrome/89.0.4389.90 Safari/537.36
0:0:0:0:0:0:0:1 - - [05/Jul/2021:09:29:51 +0800] "GET /nacos/img/logo-2000-390.svg HTTP/1.1" 200 2106 12 Mozilla/5.0 (Windows NT 10.0; WOW64) AppleWebKit/537.36 (KHTML, like Gecko) Chrome/89.0.4389.90 Safari/537.36
0:0:0:0:0:0:0:1 - - [05/Jul/2021:09:29:51 +0800] "GET /nacos/v1/console/server/state HTTP/1.1" 200 82 97 Mozilla/5.0 (Windows NT 10.0; WOW64) AppleWebKit/537.36 (KHTML, like Gecko) Chrome/89.0.4389.90 Safari/537.36
0:0:0:0:0:0:0:1 - - [05/Jul/2021:09:29:51 +0800] "GET /nacos/v1/console/namespaces?namespaceId= HTTP/1.1" 401 154 197 Mozilla/5.0 (Windows NT 10.0; WOW64) AppleWebKit/537.36 (KHTML, like Gecko) Chrome/89.0.4389.90 Safari/537.36
0:0:0:0:0:0:0:1 - - [05/Jul/2021:09:29:52 +0800] "GET /nacos/img/black_dot.png HTTP/1.1" 200 114 13 Mozilla/5.0 (Windows NT 10.0; WOW64) AppleWebKit/537.36 (KHTML, like Gecko) Chrome/89.0.4389.90 Safari/537.36
0:0:0:0:0:0:0:1 - - [05/Jul/2021:09:29:52 +0800] "GET /nacos/v1/ns/catalog/services?hasIpCount=true&withInstances=false&pageNo=1&pageSize=10&serviceNameParam=&groupNameParam=&namespaceId= HTTP/1.1" 200 39 71 Mozilla/5.0 (Windows NT 10.0; WOW64) AppleWebKit/537.36 (KHTML, like Gecko) Chrome/89.0.4389.90 Safari/537.36
0:0:0:0:0:0:0:1 - - [05/Jul/2021:09:29:52 +0800] "GET /nacos/img/nacos.png HTTP/1.1" 200 3588 9 Mozilla/5.0 (Windows NT 10.0; WOW64) AppleWebKit/537.36 (KHTML, like Gecko) Chrome/89.0.4389.90 Safari/537.36
0:0:0:0:0:0:0:1 - - [05/Jul/2021:09:29:52 +0800] "GET /nacos/console-fe/public/js/vs/editor/editor.main.css HTTP/1.1" 200 172199 15 Mozilla/5.0 (Windows NT 10.0; WOW64) AppleWebKit/537.36 (KHTML, like Gecko) Chrome/89.0.4389.90 Safari/537.36
0:0:0:0:0:0:0:1 - - [05/Jul/2021:09:29:52 +0800] "GET /nacos/console-fe/public/js/vs/editor/editor.main.nls.zh-cn.js HTTP/1.1" 200 22854 12 Mozilla/5.0 (Windows NT 10.0; WOW64) AppleWebKit/537.36 (KHTML, like Gecko) Chrome/89.0.4389.90 Safari/537.36
192.168.64.1 - - [05/Jul/2021:09:29:52 +0800] "GET /nacos/v1/cs/health HTTP/1.1" 200 2 5 Apache-HttpAsyncClient/4.1.3 (Java/1.8.0_121)
0:0:0:0:0:0:0:1 - - [05/Jul/2021:09:29:52 +0800] "GET /nacos/console-fe/public/img/favicon.ico HTTP/1.1" 200 4286 21 Mozilla/5.0 (Windows NT 10.0; WOW64) AppleWebKit/537.36 (KHTML, like Gecko) Chrome/89.0.4389.90 Safari/537.36
192.168.64.1 - - [05/Jul/2021:09:29:57 +0800] "GET /nacos/v1/cs/health HTTP/1.1" 200 2 3 Apache-HttpAsyncClient/4.1.3 (Java/1.8.0_121)
192.168.64.1 - - [05/Jul/2021:09:30:02 +0800] "GET /nacos/v1/cs/health HTTP/1.1" 200 2 4 Apache-HttpAsyncClient/4.1.3 (Java/1.8.0_121)
