2022-02-09 09:48:33,260 INFO Starting Nacos v1.1.4 on Krest with PID 8292 (D:\JavaTool\nacos-server-1.1.4\nacos\target\nacos-server.jar started by Administrator in D:\JavaTool\nacos-server-1.1.4\nacos\bin)

2022-02-09 09:48:33,385 INFO The following profiles are active: standalone

2022-02-09 09:48:53,135 INFO Bean 'org.springframework.security.config.annotation.configuration.ObjectPostProcessorConfiguration' of type [org.springframework.security.config.annotation.configuration.ObjectPostProcessorConfiguration$$EnhancerBySpringCGLIB$$fcd6b44e] is not eligible for getting processed by all BeanPostProcessors (for example: not eligible for auto-proxying)

2022-02-09 09:48:53,635 INFO Bean 'objectPostProcessor' of type [org.springframework.security.config.annotation.configuration.AutowireBeanFactoryObjectPostProcessor] is not eligible for getting processed by all BeanPostProcessors (for example: not eligible for auto-proxying)

2022-02-09 09:48:53,807 INFO Bean 'org.springframework.security.access.expression.method.DefaultMethodSecurityExpressionHandler@533bda92' of type [org.springframework.security.access.expression.method.DefaultMethodSecurityExpressionHandler] is not eligible for getting processed by all BeanPostProcessors (for example: not eligible for auto-proxying)

2022-02-09 09:48:53,869 INFO Bean 'org.springframework.security.config.annotation.method.configuration.GlobalMethodSecurityConfiguration' of type [org.springframework.security.config.annotation.method.configuration.GlobalMethodSecurityConfiguration$$EnhancerBySpringCGLIB$$21ab5700] is not eligible for getting processed by all BeanPostProcessors (for example: not eligible for auto-proxying)

2022-02-09 09:48:53,869 INFO Bean 'methodSecurityMetadataSource' of type [org.springframework.security.access.method.DelegatingMethodSecurityMetadataSource] is not eligible for getting processed by all BeanPostProcessors (for example: not eligible for auto-proxying)

2022-02-09 09:48:59,869 INFO Tomcat initialized with port(s): 8848 (http)

2022-02-09 09:49:00,572 INFO Starting service [Tomcat]

2022-02-09 09:49:00,572 INFO Starting Servlet Engine: Apache Tomcat/9.0.13

2022-02-09 09:49:00,619 INFO The APR based Apache Tomcat Native library which allows optimal performance in production environments was not found on the java.library.path: [C:\Program Files\java\jdk1.8.0_181\bin;C:\Windows\Sun\Java\bin;C:\Windows\system32;C:\Windows;E:\windows\WINDOWS.X64_193000_db_home\bin;C:\Program Files\VanDyke Software\Clients\;C:\Windows\system32;C:\Windows;C:\Windows\System32\Wbem;C:\Windows\System32\WindowsPowerShell\v1.0\;C:\Windows\System32\OpenSSH\;"C:\Program Files\java\apache-maven-3.6.3\bin;";C:\Program Files\java\apache-maven-3.6.3\bin;C:\Program Files\MySQL\MySQL Server 5.7\bin;C:\Program Files\Microsoft SQL Server\120\DTS\Binn\;C:\Program Files\Microsoft SQL Server\Client SDK\ODBC\110\Tools\Binn\;C:\Program Files (x86)\Microsoft SQL Server\120\Tools\Binn\;C:\Program Files\Microsoft SQL Server\120\Tools\Binn\;C:\Program Files (x86)\Microsoft SQL Server\120\Tools\Binn\ManagementStudio\;C:\Program Files (x86)\Microsoft SQL Server\120\DTS\Binn\;C:\Program Files\TortoiseSVN\bin;C:\Program Files\java\jdk1.8.0_181\bin;C:\Program Files\java\jdk1.8.0_181\jre\bin;C:\Program Files\Git\cmd;C:\Program Files\TortoiseGit\bin;C:\Program Files\nodejs\;C:\ProgramData\chocolatey\bin;C:\Program Files (x86)\NVIDIA Corporation\PhysX\Common;C:\Program Files\NVIDIA Corporation\NVIDIA NvDLISR;D:\Program Files\Go\bin;C:\Users\Administrator\AppData\Local\Programs\Python\Python39\Scripts\;C:\Users\Administrator\AppData\Local\Programs\Python\Python39\;C:\Users\Administrator\AppData\Local\Microsoft\WindowsApps;"C:\Program Files\java\jdk1.8.0_181\bin;C:\Program Files\java\jdk1.8.0_181\jre\bin;";;C:\Program Files\JetBrains\PyCharm Community Edition 2021.1.3\bin;;D:\Program Files\JetBrains\IntelliJ IDEA 2020.1.2\bin;;D:\Users\Administrator\AppData\Local\Programs\Microsoft VS Code\bin;C:\Users\Administrator\AppData\Roaming\npm;C:\Users\Administrator\go\bin;.]

2022-02-09 09:49:01,916 INFO Initializing Spring embedded WebApplicationContext

2022-02-09 09:49:01,916 INFO Root WebApplicationContext: initialization completed in 27562 ms

2022-02-09 09:49:35,431 INFO Use Mysql as the driver

2022-02-09 09:49:36,353 INFO Initializing ExecutorService 'applicationTaskExecutor'

2022-02-09 09:49:37,469 INFO Adding welcome page: class path resource [static/index.html]

2022-02-09 09:49:38,750 INFO Creating filter chain: Ant [pattern='/'], []

2022-02-09 09:49:38,750 INFO Creating filter chain: Ant [pattern='/**/*.css'], []

2022-02-09 09:49:38,750 INFO Creating filter chain: Ant [pattern='/**/*.js'], []

2022-02-09 09:49:38,750 INFO Creating filter chain: Ant [pattern='/**/*.html'], []

2022-02-09 09:49:38,750 INFO Creating filter chain: Ant [pattern='/**/*.map'], []

2022-02-09 09:49:38,750 INFO Creating filter chain: Ant [pattern='/**/*.svg'], []

2022-02-09 09:49:38,750 INFO Creating filter chain: Ant [pattern='/**/*.png'], []

2022-02-09 09:49:38,750 INFO Creating filter chain: Ant [pattern='/**/*.ico'], []

2022-02-09 09:49:38,750 INFO Creating filter chain: Ant [pattern='/console-fe/public/**'], []

2022-02-09 09:49:38,750 INFO Creating filter chain: Ant [pattern='/v1/auth/login'], []

2022-02-09 09:49:38,750 INFO Creating filter chain: Ant [pattern='/v1/console/health/**'], []

2022-02-09 09:49:38,750 INFO Creating filter chain: Ant [pattern='/v1/cs/**'], []

2022-02-09 09:49:38,750 INFO Creating filter chain: Ant [pattern='/v1/ns/**'], []

2022-02-09 09:49:38,750 INFO Creating filter chain: Ant [pattern='/v1/cmdb/**'], []

2022-02-09 09:49:38,750 INFO Creating filter chain: Ant [pattern='/actuator/**'], []

2022-02-09 09:49:38,750 INFO Creating filter chain: Ant [pattern='/v1/console/server/**'], []

2022-02-09 09:49:38,828 INFO Creating filter chain: any request, [org.springframework.security.web.context.request.async.WebAsyncManagerIntegrationFilter@5974109, org.springframework.security.web.context.SecurityContextPersistenceFilter@75e91545, org.springframework.security.web.header.HeaderWriterFilter@18230356, org.springframework.security.web.authentication.logout.LogoutFilter@4b672daa, com.alibaba.nacos.console.filter.JwtAuthenticationTokenFilter@27305e6, org.springframework.security.web.savedrequest.RequestCacheAwareFilter@531c311e, org.springframework.security.web.servletapi.SecurityContextHolderAwareRequestFilter@726e5805, org.springframework.security.web.authentication.AnonymousAuthenticationFilter@1ef3efa8, org.springframework.security.web.session.SessionManagementFilter@56bca85b, org.springframework.security.web.access.ExceptionTranslationFilter@41e350f1, org.springframework.security.web.access.intercept.FilterSecurityInterceptor@662f5666]

2022-02-09 09:49:39,469 INFO Exposing 2 endpoint(s) beneath base path '/actuator'

2022-02-09 09:49:39,578 INFO Initializing ExecutorService 'taskScheduler'

2022-02-09 09:49:40,516 INFO Tomcat started on port(s): 8848 (http) with context path '/nacos'

2022-02-09 09:49:40,531 INFO Started Nacos in 81.553 seconds (JVM running for 96.442)

2022-02-09 09:49:40,531 INFO Nacos Log files: D:\JavaTool\nacos-server-1.1.4\nacos/logs/

2022-02-09 09:49:40,531 INFO Nacos Conf files: D:\JavaTool\nacos-server-1.1.4\nacos/conf/

2022-02-09 09:49:40,531 INFO Nacos Data files: D:\JavaTool\nacos-server-1.1.4\nacos/data/

2022-02-09 09:49:40,531 INFO Nacos started successfully in stand alone mode.

2022-02-09 09:49:45,000 INFO Initializing Spring DispatcherServlet 'dispatcherServlet'

2022-02-09 09:49:45,000 INFO Initializing Servlet 'dispatcherServlet'

2022-02-09 09:49:45,047 INFO Completed initialization in 47 ms

2022-02-09 09:51:24,776 INFO Expired JWT token.

2022-02-09 09:51:24,808 ERROR Responding with unauthorized error. Message - Full authentication is required to access this resource

2022-02-09 09:59:34,479 INFO [capacityManagement] start correct usage

2022-02-09 09:59:34,651 INFO [capacityManagement] end correct usage, cost: 0s

2022-02-09 09:59:35,434 WARN clearConfigHistory start

2022-02-09 10:10:45,035 INFO Starting Nacos v1.1.4 on Krest with PID 12036 (D:\JavaTool\nacos-server-1.1.4\nacos\target\nacos-server.jar started by Administrator in D:\JavaTool\nacos-server-1.1.4\nacos\bin)

2022-02-09 10:10:45,035 INFO The following profiles are active: standalone

2022-02-09 10:10:48,785 INFO Bean 'org.springframework.security.config.annotation.configuration.ObjectPostProcessorConfiguration' of type [org.springframework.security.config.annotation.configuration.ObjectPostProcessorConfiguration$$EnhancerBySpringCGLIB$$82d219f1] is not eligible for getting processed by all BeanPostProcessors (for example: not eligible for auto-proxying)

2022-02-09 10:10:48,926 INFO Bean 'objectPostProcessor' of type [org.springframework.security.config.annotation.configuration.AutowireBeanFactoryObjectPostProcessor] is not eligible for getting processed by all BeanPostProcessors (for example: not eligible for auto-proxying)

2022-02-09 10:10:48,942 INFO Bean 'org.springframework.security.access.expression.method.DefaultMethodSecurityExpressionHandler@609e8838' of type [org.springframework.security.access.expression.method.DefaultMethodSecurityExpressionHandler] is not eligible for getting processed by all BeanPostProcessors (for example: not eligible for auto-proxying)

2022-02-09 10:10:48,942 INFO Bean 'org.springframework.security.config.annotation.method.configuration.GlobalMethodSecurityConfiguration' of type [org.springframework.security.config.annotation.method.configuration.GlobalMethodSecurityConfiguration$$EnhancerBySpringCGLIB$$a7a6bca3] is not eligible for getting processed by all BeanPostProcessors (for example: not eligible for auto-proxying)

2022-02-09 10:10:48,957 INFO Bean 'methodSecurityMetadataSource' of type [org.springframework.security.access.method.DelegatingMethodSecurityMetadataSource] is not eligible for getting processed by all BeanPostProcessors (for example: not eligible for auto-proxying)

2022-02-09 10:10:50,746 INFO Tomcat initialized with port(s): 8848 (http)

2022-02-09 10:10:50,826 INFO Starting service [Tomcat]

2022-02-09 10:10:50,826 INFO Starting Servlet Engine: Apache Tomcat/9.0.13

2022-02-09 10:10:50,850 INFO The APR based Apache Tomcat Native library which allows optimal performance in production environments was not found on the java.library.path: [C:\Program Files\java\jdk1.8.0_181\bin;C:\Windows\Sun\Java\bin;C:\Windows\system32;C:\Windows;E:\windows\WINDOWS.X64_193000_db_home\bin;C:\Program Files\VanDyke Software\Clients\;C:\Windows\system32;C:\Windows;C:\Windows\System32\Wbem;C:\Windows\System32\WindowsPowerShell\v1.0\;C:\Windows\System32\OpenSSH\;"C:\Program Files\java\apache-maven-3.6.3\bin;";C:\Program Files\java\apache-maven-3.6.3\bin;C:\Program Files\MySQL\MySQL Server 5.7\bin;C:\Program Files\Microsoft SQL Server\120\DTS\Binn\;C:\Program Files\Microsoft SQL Server\Client SDK\ODBC\110\Tools\Binn\;C:\Program Files (x86)\Microsoft SQL Server\120\Tools\Binn\;C:\Program Files\Microsoft SQL Server\120\Tools\Binn\;C:\Program Files (x86)\Microsoft SQL Server\120\Tools\Binn\ManagementStudio\;C:\Program Files (x86)\Microsoft SQL Server\120\DTS\Binn\;C:\Program Files\TortoiseSVN\bin;C:\Program Files\java\jdk1.8.0_181\bin;C:\Program Files\java\jdk1.8.0_181\jre\bin;C:\Program Files\Git\cmd;C:\Program Files\TortoiseGit\bin;C:\Program Files\nodejs\;C:\ProgramData\chocolatey\bin;C:\Program Files (x86)\NVIDIA Corporation\PhysX\Common;C:\Program Files\NVIDIA Corporation\NVIDIA NvDLISR;D:\Program Files\Go\bin;C:\Users\Administrator\AppData\Local\Programs\Python\Python39\Scripts\;C:\Users\Administrator\AppData\Local\Programs\Python\Python39\;C:\Users\Administrator\AppData\Local\Microsoft\WindowsApps;"C:\Program Files\java\jdk1.8.0_181\bin;C:\Program Files\java\jdk1.8.0_181\jre\bin;";;C:\Program Files\JetBrains\PyCharm Community Edition 2021.1.3\bin;;D:\Program Files\JetBrains\IntelliJ IDEA 2020.1.2\bin;;D:\Users\Administrator\AppData\Local\Programs\Microsoft VS Code\bin;C:\Users\Administrator\AppData\Roaming\npm;C:\Users\Administrator\go\bin;.]

2022-02-09 10:10:51,042 INFO Initializing Spring embedded WebApplicationContext

2022-02-09 10:10:51,042 INFO Root WebApplicationContext: initialization completed in 5897 ms

2022-02-09 10:10:57,620 INFO Use Mysql as the driver

2022-02-09 10:10:58,348 INFO Initializing ExecutorService 'applicationTaskExecutor'

2022-02-09 10:10:59,084 INFO Adding welcome page: class path resource [static/index.html]

2022-02-09 10:10:59,692 INFO Creating filter chain: Ant [pattern='/'], []

2022-02-09 10:10:59,692 INFO Creating filter chain: Ant [pattern='/**/*.css'], []

2022-02-09 10:10:59,692 INFO Creating filter chain: Ant [pattern='/**/*.js'], []

2022-02-09 10:10:59,700 INFO Creating filter chain: Ant [pattern='/**/*.html'], []

2022-02-09 10:10:59,700 INFO Creating filter chain: Ant [pattern='/**/*.map'], []

2022-02-09 10:10:59,700 INFO Creating filter chain: Ant [pattern='/**/*.svg'], []

2022-02-09 10:10:59,700 INFO Creating filter chain: Ant [pattern='/**/*.png'], []

2022-02-09 10:10:59,700 INFO Creating filter chain: Ant [pattern='/**/*.ico'], []

2022-02-09 10:10:59,700 INFO Creating filter chain: Ant [pattern='/console-fe/public/**'], []

2022-02-09 10:10:59,700 INFO Creating filter chain: Ant [pattern='/v1/auth/login'], []

2022-02-09 10:10:59,700 INFO Creating filter chain: Ant [pattern='/v1/console/health/**'], []

2022-02-09 10:10:59,700 INFO Creating filter chain: Ant [pattern='/v1/cs/**'], []

2022-02-09 10:10:59,700 INFO Creating filter chain: Ant [pattern='/v1/ns/**'], []

2022-02-09 10:10:59,708 INFO Creating filter chain: Ant [pattern='/v1/cmdb/**'], []

2022-02-09 10:10:59,708 INFO Creating filter chain: Ant [pattern='/actuator/**'], []

2022-02-09 10:10:59,708 INFO Creating filter chain: Ant [pattern='/v1/console/server/**'], []

2022-02-09 10:10:59,772 INFO Creating filter chain: any request, [org.springframework.security.web.context.request.async.WebAsyncManagerIntegrationFilter@53812a9b, org.springframework.security.web.context.SecurityContextPersistenceFilter@42f48531, org.springframework.security.web.header.HeaderWriterFilter@2a3c96e3, org.springframework.security.web.authentication.logout.LogoutFilter@338494fa, com.alibaba.nacos.console.filter.JwtAuthenticationTokenFilter@14b030a0, org.springframework.security.web.savedrequest.RequestCacheAwareFilter@792bbc74, org.springframework.security.web.servletapi.SecurityContextHolderAwareRequestFilter@4c4d27c8, org.springframework.security.web.authentication.AnonymousAuthenticationFilter@41e350f1, org.springframework.security.web.session.SessionManagementFilter@5b444398, org.springframework.security.web.access.ExceptionTranslationFilter@b78a709, org.springframework.security.web.access.intercept.FilterSecurityInterceptor@4ee37ca3]

2022-02-09 10:10:59,924 INFO Exposing 2 endpoint(s) beneath base path '/actuator'

2022-02-09 10:10:59,972 INFO Initializing ExecutorService 'taskScheduler'

2022-02-09 10:11:00,156 INFO Tomcat started on port(s): 8848 (http) with context path '/nacos'

2022-02-09 10:11:00,164 INFO Started Nacos in 17.488 seconds (JVM running for 18.973)

2022-02-09 10:11:00,164 INFO Nacos Log files: D:\JavaTool\nacos-server-1.1.4\nacos/logs/

2022-02-09 10:11:00,164 INFO Nacos Conf files: D:\JavaTool\nacos-server-1.1.4\nacos/conf/

2022-02-09 10:11:00,164 INFO Nacos Data files: D:\JavaTool\nacos-server-1.1.4\nacos/data/

2022-02-09 10:11:00,172 INFO Nacos started successfully in stand alone mode.

2022-02-09 10:11:00,292 INFO Initializing Spring DispatcherServlet 'dispatcherServlet'

2022-02-09 10:11:00,292 INFO Initializing Servlet 'dispatcherServlet'

2022-02-09 10:11:00,308 INFO Completed initialization in 16 ms

2022-02-09 10:20:57,145 INFO [capacityManagement] start correct usage

2022-02-09 10:20:57,161 INFO [capacityManagement] end correct usage, cost: 0s

2022-02-09 10:20:57,614 WARN clearConfigHistory start

